<?xml version="1.0" encoding="euc-kr" ?>
<!DOCTYPE sqlMap PUBLIC "-//ibatis.apache.org//DTD SQL Map 2.0//EN" "http://ibatis.apache.org/dtd/sql-map-2.dtd" >
<sqlMap namespace="test-dummy">
	
	 
	 <select id="select_test-dummy"> 
     </select>	
</sqlMap>